<?xml version="1.0" encoding="UTF-8"?>
<!-- Generated by org.testng.reporters.JUnitReportReporter -->
<testsuite hostname="Umair" name="tests.NewTest" tests="1" failures="0" timestamp="27 Nov 2018 18:44:25 GMT" time="5.150" errors="0">
  <testcase name="openMyBlog" time="5.150" classname="tests.NewTest"/>
</testsuite> <!-- tests.NewTest -->
